<?xml version="1.0" encoding="UTF-8"?>
<!-- Generated by org.testng.reporters.JUnitReportReporter -->
<testsuite skipped="0" hostname="DESKTOP-5SPFD43" name="com.umbrellarlogin.RegisterUserTest" tests="1" failures="0" timestamp="18 Sep 2018 19:12:27 GMT" time="6.780" errors="0">
  <testcase name="testLogin" time="6.780" classname="com.umbrellarlogin.RegisterUserTest"/>
</testsuite> <!-- com.umbrellarlogin.RegisterUserTest -->
